android/app/build/intermediates/manifest_merge_blame_file/debug/processDebugMainManifest/manifest-merger-blame-debug-report.txt
1<?xml version="1.0" encoding="utf-8"?>
2<manifest xmlns:android="http://schemas.android.com/apk/res/android"
3    package="com.sensevoicetemp"
4    android:versionCode="1"
5    android:versionName="1.0" >
6
7    <uses-sdk
8        android:minSdkVersion="24"
9        android:targetSdkVersion="35" />
10
11    <uses-permission android:name="android.permission.INTERNET" />
11-->src\main\AndroidManifest.xml:3:5-67
11-->src\main\AndroidManifest.xml:3:22-64
12    <uses-permission android:name="android.permission.SEND_SMS" />
12-->src\main\AndroidManifest.xml:25:1-63
12-->src\main\AndroidManifest.xml:25:18-60
13    <uses-permission android:name="android.permission.ACCESS_FINE_LOCATION" />
13-->src\main\AndroidManifest.xml:26:1-75
13-->src\main\AndroidManifest.xml:26:18-72
14    <uses-permission android:name="android.permission.ACCESS_COARSE_LOCATION" />
14-->src\main\AndroidManifest.xml:27:1-77
14-->src\main\AndroidManifest.xml:27:18-74
15    <uses-permission android:name="android.permission.RECORD_AUDIO" />
15-->src\main\AndroidManifest.xml:28:1-67
15-->src\main\AndroidManifest.xml:28:18-64
16    <uses-permission android:name="android.permission.CAMERA" />
16-->src\main\AndroidManifest.xml:29:1-61
16-->src\main\AndroidManifest.xml:29:18-58
17    <uses-permission android:name="android.permission.READ_EXTERNAL_STORAGE" />
17-->src\main\AndroidManifest.xml:30:1-76
17-->src\main\AndroidManifest.xml:30:18-73
18    <uses-permission android:name="android.permission.READ_MEDIA_IMAGES" />
18-->src\main\AndroidManifest.xml:31:1-72
18-->src\main\AndroidManifest.xml:31:18-69
19    <uses-permission android:name="android.permission.WRITE_EXTERNAL_STORAGE" />
19-->[:react-native-fs] AndroidManifest.xml:7:5-81
19-->[:react-native-fs] AndroidManifest.xml:7:22-78
20    <uses-permission android:name="android.permission.VIBRATE" />
20-->[:react-native-haptic-feedback] AndroidManifest.xml:7:5-66
20-->[:react-native-haptic-feedback] AndroidManifest.xml:7:22-63
21    <!--
22    This manifest file is used only by Gradle to configure debug-only capabilities
23    for React Native Apps.
24    -->
25    <uses-permission android:name="android.permission.SYSTEM_ALERT_WINDOW" />
25-->[com.facebook.react:react-android:0.73.6] AndroidManifest.xml:16:5-78
25-->[com.facebook.react:react-android:0.73.6] AndroidManifest.xml:16:22-75
26    <uses-permission android:name="android.permission.ACCESS_WIFI_STATE" />
26-->[com.facebook.flipper:flipper:0.201.0] AndroidManifest.xml:14:5-76
26-->[com.facebook.flipper:flipper:0.201.0] AndroidManifest.xml:14:22-73
27
28    <permission
28-->[androidx.core:core:1.9.0] AndroidManifest.xml:22:5-24:47
29        android:name="com.sensevoicetemp.DYNAMIC_RECEIVER_NOT_EXPORTED_PERMISSION"
29-->[androidx.core:core:1.9.0] AndroidManifest.xml:23:9-81
30        android:protectionLevel="signature" />
30-->[androidx.core:core:1.9.0] AndroidManifest.xml:24:9-44
31
32    <uses-permission android:name="com.sensevoicetemp.DYNAMIC_RECEIVER_NOT_EXPORTED_PERMISSION" />
32-->[androidx.core:core:1.9.0] AndroidManifest.xml:26:5-97
32-->[androidx.core:core:1.9.0] AndroidManifest.xml:26:22-94
33
34    <application
34-->src\main\AndroidManifest.xml:5:5-24:19
35        android:name="com.sensevoicetemp.MainApplication"
35-->src\main\AndroidManifest.xml:6:7-38
36        android:allowBackup="false"
36-->src\main\AndroidManifest.xml:10:7-34
37        android:appComponentFactory="androidx.core.app.CoreComponentFactory"
37-->[androidx.core:core:1.9.0] AndroidManifest.xml:28:18-86
38        android:debuggable="true"
39        android:extractNativeLibs="false"
40        android:icon="@mipmap/ic_launcher"
40-->src\main\AndroidManifest.xml:8:7-41
41        android:label="@string/app_name"
41-->src\main\AndroidManifest.xml:7:7-39
42        android:roundIcon="@mipmap/ic_launcher_round"
42-->src\main\AndroidManifest.xml:9:7-52
43        android:theme="@style/AppTheme"
43-->src\main\AndroidManifest.xml:11:7-38
44        android:usesCleartextTraffic="true" >
44-->src\debug\AndroidManifest.xml:6:9-44
45        <activity
45-->src\main\AndroidManifest.xml:12:7-23:18
46            android:name="com.sensevoicetemp.MainActivity"
46-->src\main\AndroidManifest.xml:13:9-37
47            android:configChanges="keyboard|keyboardHidden|orientation|screenLayout|screenSize|smallestScreenSize|uiMode"
47-->src\main\AndroidManifest.xml:15:9-118
48            android:exported="true"
48-->src\main\AndroidManifest.xml:18:9-32
49            android:label="@string/app_name"
49-->src\main\AndroidManifest.xml:14:9-41
50            android:launchMode="singleTask"
50-->src\main\AndroidManifest.xml:16:9-40
51            android:windowSoftInputMode="adjustResize" >
51-->src\main\AndroidManifest.xml:17:9-51
52            <intent-filter>
52-->src\main\AndroidManifest.xml:19:9-22:25
53                <action android:name="android.intent.action.MAIN" />
53-->src\main\AndroidManifest.xml:20:13-65
53-->src\main\AndroidManifest.xml:20:21-62
54
55                <category android:name="android.intent.category.LAUNCHER" />
55-->src\main\AndroidManifest.xml:21:13-73
55-->src\main\AndroidManifest.xml:21:23-70
56            </intent-filter>
57        </activity>
58
59        <provider
59-->[:react-native-image-picker] AndroidManifest.xml:8:9-16:20
60            android:name="com.imagepicker.ImagePickerProvider"
60-->[:react-native-image-picker] AndroidManifest.xml:9:13-63
61            android:authorities="com.sensevoicetemp.imagepickerprovider"
61-->[:react-native-image-picker] AndroidManifest.xml:10:13-71
62            android:exported="false"
62-->[:react-native-image-picker] AndroidManifest.xml:11:13-37
63            android:grantUriPermissions="true" >
63-->[:react-native-image-picker] AndroidManifest.xml:12:13-47
64            <meta-data
64-->[:react-native-image-picker] AndroidManifest.xml:13:13-15:70
65                android:name="android.support.FILE_PROVIDER_PATHS"
65-->[:react-native-image-picker] AndroidManifest.xml:14:17-67
66                android:resource="@xml/imagepicker_provider_paths" />
66-->[:react-native-image-picker] AndroidManifest.xml:15:17-67
67        </provider>
68
69        <activity
69-->[com.facebook.react:react-android:0.73.6] AndroidManifest.xml:19:9-21:40
70            android:name="com.facebook.react.devsupport.DevSettingsActivity"
70-->[com.facebook.react:react-android:0.73.6] AndroidManifest.xml:20:13-77
71            android:exported="false" />
71-->[com.facebook.react:react-android:0.73.6] AndroidManifest.xml:21:13-37
72        <activity
72-->[com.google.android.gms:play-services-base:17.5.0] AndroidManifest.xml:23:9-26:75
73            android:name="com.google.android.gms.common.api.GoogleApiActivity"
73-->[com.google.android.gms:play-services-base:17.5.0] AndroidManifest.xml:24:13-79
74            android:exported="false"
74-->[com.google.android.gms:play-services-base:17.5.0] AndroidManifest.xml:25:13-37
75            android:theme="@android:style/Theme.Translucent.NoTitleBar" />
75-->[com.google.android.gms:play-services-base:17.5.0] AndroidManifest.xml:26:13-72
76
77        <meta-data
77-->[com.google.android.gms:play-services-basement:17.5.0] AndroidManifest.xml:23:9-25:69
78            android:name="com.google.android.gms.version"
78-->[com.google.android.gms:play-services-basement:17.5.0] AndroidManifest.xml:24:13-58
79            android:value="@integer/google_play_services_version" />
79-->[com.google.android.gms:play-services-basement:17.5.0] AndroidManifest.xml:25:13-66
80
81        <provider
81-->[androidx.emoji2:emoji2:1.2.0] AndroidManifest.xml:24:9-32:20
82            android:name="androidx.startup.InitializationProvider"
82-->[androidx.emoji2:emoji2:1.2.0] AndroidManifest.xml:25:13-67
83            android:authorities="com.sensevoicetemp.androidx-startup"
83-->[androidx.emoji2:emoji2:1.2.0] AndroidManifest.xml:26:13-68
84            android:exported="false" >
84-->[androidx.emoji2:emoji2:1.2.0] AndroidManifest.xml:27:13-37
85            <meta-data
85-->[androidx.emoji2:emoji2:1.2.0] AndroidManifest.xml:29:13-31:52
86                android:name="androidx.emoji2.text.EmojiCompatInitializer"
86-->[androidx.emoji2:emoji2:1.2.0] AndroidManifest.xml:30:17-75
87                android:value="androidx.startup" />
87-->[androidx.emoji2:emoji2:1.2.0] AndroidManifest.xml:31:17-49
88            <meta-data
88-->[androidx.lifecycle:lifecycle-process:2.4.1] AndroidManifest.xml:31:13-33:52
89                android:name="androidx.lifecycle.ProcessLifecycleInitializer"
89-->[androidx.lifecycle:lifecycle-process:2.4.1] AndroidManifest.xml:32:17-78
90                android:value="androidx.startup" />
90-->[androidx.lifecycle:lifecycle-process:2.4.1] AndroidManifest.xml:33:17-49
91        </provider>
92
93        <meta-data
93-->[com.facebook.soloader:soloader:0.10.5] AndroidManifest.xml:12:9-14:37
94            android:name="com.facebook.soloader.enabled"
94-->[com.facebook.soloader:soloader:0.10.5] AndroidManifest.xml:13:13-57
95            android:value="false" />
95-->[com.facebook.soloader:soloader:0.10.5] AndroidManifest.xml:14:13-34
96    </application>
97
98</manifest>